<?xml version="1.0" encoding="UTF-8"?>
<testng-results skipped="0" failed="0" ignored="0" total="1" passed="1">
  <reporter-output>
  </reporter-output>
  <suite name="Default suite" duration-ms="101380" started-at="2019-01-24T05:58:50Z" finished-at="2019-01-24T06:00:31Z">
    <groups>
    </groups>
    <test name="Default test" duration-ms="101380" started-at="2019-01-24T05:58:50Z" finished-at="2019-01-24T06:00:31Z">
      <class name="Others.TakeScreenshot">
        <test-method status="PASS" signature="capturescreenshot()[pri:0, instance:Others.TakeScreenshot@6d00a15d]" name="capturescreenshot" duration-ms="101325" started-at="2019-01-24T05:58:50Z" finished-at="2019-01-24T06:00:31Z">
          <reporter-output>
          </reporter-output>
        </test-method> <!-- capturescreenshot -->
      </class> <!-- Others.TakeScreenshot -->
    </test> <!-- Default test -->
  </suite> <!-- Default suite -->
</testng-results>
